-------------------------------------------------------------------------------
Test set: com.example.tpRest.TpRestSwApplicationTests
-------------------------------------------------------------------------------
Tests run: 1, Failures: 0, Errors: 1, Skipped: 0, Time elapsed: 0.303 s <<< FAILURE! - in com.example.tpRest.TpRestSwApplicationTests
com.example.tpRest.TpRestSwApplicationTests  Time elapsed: 0.301 s  <<< ERROR!
java.lang.IllegalStateException: Unable to find a @SpringBootConfiguration, you need to use @ContextConfiguration or @SpringBootTest(classes=...) with your test

